[debug] [2022-12-06T19:41:44.162Z] ----------------------------------------------------------------------
[debug] [2022-12-06T19:41:44.164Z] Command:       /Users/alexandergilbert/.nvm/versions/node/v16.18.1/bin/node /usr/local/bin/firebase deploy --only functions
[debug] [2022-12-06T19:41:44.165Z] CLI Version:   11.10.0
[debug] [2022-12-06T19:41:44.165Z] Platform:      darwin
[debug] [2022-12-06T19:41:44.165Z] Node Version:  v16.18.1
[debug] [2022-12-06T19:41:44.166Z] Time:          Tue Dec 06 2022 20:41:44 GMT+0100 (Central European Standard Time)
[debug] [2022-12-06T19:41:44.167Z] ----------------------------------------------------------------------
[debug] 
[debug] [2022-12-06T19:41:44.222Z] > command requires scopes: ["email","openid","https://www.googleapis.com/auth/cloudplatformprojects.readonly","https://www.googleapis.com/auth/firebase","https://www.googleapis.com/auth/cloud-platform"]
[debug] [2022-12-06T19:41:44.222Z] > authorizing via signed-in user (alex.js.ltd@gmail.com)
[debug] [2022-12-06T19:41:44.222Z] [iam] checking project epic-react-app for permissions ["cloudfunctions.functions.create","cloudfunctions.functions.delete","cloudfunctions.functions.get","cloudfunctions.functions.list","cloudfunctions.functions.update","cloudfunctions.operations.get","firebase.projects.get"]
[debug] [2022-12-06T19:41:44.224Z] >>> [apiv2][query] POST https://cloudresourcemanager.googleapis.com/v1/projects/epic-react-app:testIamPermissions [none]
[debug] [2022-12-06T19:41:44.224Z] >>> [apiv2][(partial)header] POST https://cloudresourcemanager.googleapis.com/v1/projects/epic-react-app:testIamPermissions x-goog-quota-user=projects/epic-react-app
[debug] [2022-12-06T19:41:44.225Z] >>> [apiv2][body] POST https://cloudresourcemanager.googleapis.com/v1/projects/epic-react-app:testIamPermissions {"permissions":["cloudfunctions.functions.create","cloudfunctions.functions.delete","cloudfunctions.functions.get","cloudfunctions.functions.list","cloudfunctions.functions.update","cloudfunctions.operations.get","firebase.projects.get"]}
[debug] [2022-12-06T19:41:45.060Z] <<< [apiv2][status] POST https://cloudresourcemanager.googleapis.com/v1/projects/epic-react-app:testIamPermissions 200
[debug] [2022-12-06T19:41:45.061Z] <<< [apiv2][body] POST https://cloudresourcemanager.googleapis.com/v1/projects/epic-react-app:testIamPermissions {"permissions":["cloudfunctions.functions.create","cloudfunctions.functions.delete","cloudfunctions.functions.get","cloudfunctions.functions.list","cloudfunctions.functions.update","cloudfunctions.operations.get","firebase.projects.get"]}
[debug] [2022-12-06T19:41:45.061Z] >>> [apiv2][query] POST https://iam.googleapis.com/v1/projects/epic-react-app/serviceAccounts/epic-react-app@appspot.gserviceaccount.com:testIamPermissions [none]
[debug] [2022-12-06T19:41:45.061Z] >>> [apiv2][body] POST https://iam.googleapis.com/v1/projects/epic-react-app/serviceAccounts/epic-react-app@appspot.gserviceaccount.com:testIamPermissions {"permissions":["iam.serviceAccounts.actAs"]}
[debug] [2022-12-06T19:41:45.941Z] <<< [apiv2][status] POST https://iam.googleapis.com/v1/projects/epic-react-app/serviceAccounts/epic-react-app@appspot.gserviceaccount.com:testIamPermissions 200
[debug] [2022-12-06T19:41:45.942Z] <<< [apiv2][body] POST https://iam.googleapis.com/v1/projects/epic-react-app/serviceAccounts/epic-react-app@appspot.gserviceaccount.com:testIamPermissions {"permissions":["iam.serviceAccounts.actAs"]}
[info] 
[info] === Deploying to 'epic-react-app'...
[info] 
[info] i  deploying functions 
[info] Running command: npm --prefix "$RESOURCE_DIR" run build
[info] ✔  functions: Finished running predeploy script. 
[debug] [2022-12-06T19:41:58.814Z] >>> [apiv2][query] GET https://firebase.googleapis.com/v1beta1/projects/epic-react-app [none]
[debug] [2022-12-06T19:41:59.166Z] <<< [apiv2][status] GET https://firebase.googleapis.com/v1beta1/projects/epic-react-app 200
[debug] [2022-12-06T19:41:59.166Z] <<< [apiv2][body] GET https://firebase.googleapis.com/v1beta1/projects/epic-react-app {"projectId":"epic-react-app","projectNumber":"1027566536348","displayName":"epic-react-app","name":"projects/epic-react-app","resources":{"hostingSite":"epic-react-app","storageBucket":"epic-react-app.appspot.com","locationId":"europe-west"},"state":"ACTIVE","etag":"1_c9d2865d-469a-4f8b-93a6-029c0dfe8aec"}
[info] i  functions: ensuring required API cloudfunctions.googleapis.com is enabled... 
[info] i  functions: ensuring required API cloudbuild.googleapis.com is enabled... 
[info] i  artifactregistry: ensuring required API artifactregistry.googleapis.com is enabled... 
[debug] [2022-12-06T19:41:59.169Z] >>> [apiv2][query] GET https://serviceusage.googleapis.com/v1/projects/epic-react-app/services/cloudfunctions.googleapis.com [none]
[debug] [2022-12-06T19:41:59.169Z] >>> [apiv2][(partial)header] GET https://serviceusage.googleapis.com/v1/projects/epic-react-app/services/cloudfunctions.googleapis.com x-goog-quota-user=projects/epic-react-app
[debug] [2022-12-06T19:41:59.170Z] >>> [apiv2][query] GET https://serviceusage.googleapis.com/v1/projects/epic-react-app/services/runtimeconfig.googleapis.com [none]
[debug] [2022-12-06T19:41:59.171Z] >>> [apiv2][(partial)header] GET https://serviceusage.googleapis.com/v1/projects/epic-react-app/services/runtimeconfig.googleapis.com x-goog-quota-user=projects/epic-react-app
[debug] [2022-12-06T19:41:59.172Z] >>> [apiv2][query] GET https://serviceusage.googleapis.com/v1/projects/epic-react-app/services/cloudbuild.googleapis.com [none]
[debug] [2022-12-06T19:41:59.172Z] >>> [apiv2][(partial)header] GET https://serviceusage.googleapis.com/v1/projects/epic-react-app/services/cloudbuild.googleapis.com x-goog-quota-user=projects/epic-react-app
[debug] [2022-12-06T19:41:59.173Z] >>> [apiv2][query] GET https://serviceusage.googleapis.com/v1/projects/epic-react-app/services/artifactregistry.googleapis.com [none]
[debug] [2022-12-06T19:41:59.173Z] >>> [apiv2][(partial)header] GET https://serviceusage.googleapis.com/v1/projects/epic-react-app/services/artifactregistry.googleapis.com x-goog-quota-user=projects/epic-react-app
[debug] [2022-12-06T19:42:00.205Z] <<< [apiv2][status] GET https://serviceusage.googleapis.com/v1/projects/epic-react-app/services/artifactregistry.googleapis.com 200
[debug] [2022-12-06T19:42:00.206Z] <<< [apiv2][body] GET https://serviceusage.googleapis.com/v1/projects/epic-react-app/services/artifactregistry.googleapis.com [omitted]
[info] ✔  artifactregistry: required API artifactregistry.googleapis.com is enabled 
[debug] [2022-12-06T19:42:00.207Z] <<< [apiv2][status] GET https://serviceusage.googleapis.com/v1/projects/epic-react-app/services/cloudfunctions.googleapis.com 200
[debug] [2022-12-06T19:42:00.207Z] <<< [apiv2][body] GET https://serviceusage.googleapis.com/v1/projects/epic-react-app/services/cloudfunctions.googleapis.com [omitted]
[info] ✔  functions: required API cloudfunctions.googleapis.com is enabled 
[debug] [2022-12-06T19:42:00.230Z] <<< [apiv2][status] GET https://serviceusage.googleapis.com/v1/projects/epic-react-app/services/runtimeconfig.googleapis.com 200
[debug] [2022-12-06T19:42:00.230Z] <<< [apiv2][body] GET https://serviceusage.googleapis.com/v1/projects/epic-react-app/services/runtimeconfig.googleapis.com [omitted]
[debug] [2022-12-06T19:42:00.250Z] <<< [apiv2][status] GET https://serviceusage.googleapis.com/v1/projects/epic-react-app/services/cloudbuild.googleapis.com 200
[debug] [2022-12-06T19:42:00.250Z] <<< [apiv2][body] GET https://serviceusage.googleapis.com/v1/projects/epic-react-app/services/cloudbuild.googleapis.com [omitted]
[info] ✔  functions: required API cloudbuild.googleapis.com is enabled 
[debug] [2022-12-06T19:42:00.251Z] >>> [apiv2][query] GET https://firebase.googleapis.com/v1beta1/projects/epic-react-app/adminSdkConfig [none]
[debug] [2022-12-06T19:42:00.625Z] <<< [apiv2][status] GET https://firebase.googleapis.com/v1beta1/projects/epic-react-app/adminSdkConfig 200
[debug] [2022-12-06T19:42:00.625Z] <<< [apiv2][body] GET https://firebase.googleapis.com/v1beta1/projects/epic-react-app/adminSdkConfig {"projectId":"epic-react-app","storageBucket":"epic-react-app.appspot.com","locationId":"europe-west"}
[debug] [2022-12-06T19:42:00.626Z] >>> [apiv2][query] GET https://runtimeconfig.googleapis.com/v1beta1/projects/epic-react-app/configs [none]
[debug] [2022-12-06T19:42:01.107Z] <<< [apiv2][status] GET https://runtimeconfig.googleapis.com/v1beta1/projects/epic-react-app/configs 200
[debug] [2022-12-06T19:42:01.108Z] <<< [apiv2][body] GET https://runtimeconfig.googleapis.com/v1beta1/projects/epic-react-app/configs {"configs":[{"name":"projects/epic-react-app/configs/algolia"}]}
[debug] [2022-12-06T19:42:01.108Z] >>> [apiv2][query] GET https://runtimeconfig.googleapis.com/v1beta1/projects/epic-react-app/configs/algolia/variables [none]
[debug] [2022-12-06T19:42:01.938Z] <<< [apiv2][status] GET https://runtimeconfig.googleapis.com/v1beta1/projects/epic-react-app/configs/algolia/variables 200
[debug] [2022-12-06T19:42:01.938Z] <<< [apiv2][body] GET https://runtimeconfig.googleapis.com/v1beta1/projects/epic-react-app/configs/algolia/variables {"variables":[{"name":"projects/epic-react-app/configs/algolia/variables/key","updateTime":"2022-11-29T16:48:38.515124180Z"},{"name":"projects/epic-react-app/configs/algolia/variables/app","updateTime":"2022-11-29T16:48:38.474748116Z"}]}
[debug] [2022-12-06T19:42:01.939Z] >>> [apiv2][query] GET https://runtimeconfig.googleapis.com/v1beta1/projects/epic-react-app/configs/algolia/variables/key [none]
[debug] [2022-12-06T19:42:01.941Z] >>> [apiv2][query] GET https://runtimeconfig.googleapis.com/v1beta1/projects/epic-react-app/configs/algolia/variables/app [none]
[debug] [2022-12-06T19:42:02.248Z] <<< [apiv2][status] GET https://runtimeconfig.googleapis.com/v1beta1/projects/epic-react-app/configs/algolia/variables/key 200
[debug] [2022-12-06T19:42:02.249Z] <<< [apiv2][body] GET https://runtimeconfig.googleapis.com/v1beta1/projects/epic-react-app/configs/algolia/variables/key {"name":"projects/epic-react-app/configs/algolia/variables/key","updateTime":"2022-11-29T16:48:38.515124180Z","text":"fbef0d8428b432e5e8d9b4cdb1c9cdba"}
[debug] [2022-12-06T19:42:02.264Z] <<< [apiv2][status] GET https://runtimeconfig.googleapis.com/v1beta1/projects/epic-react-app/configs/algolia/variables/app 200
[debug] [2022-12-06T19:42:02.264Z] <<< [apiv2][body] GET https://runtimeconfig.googleapis.com/v1beta1/projects/epic-react-app/configs/algolia/variables/app {"name":"projects/epic-react-app/configs/algolia/variables/app","updateTime":"2022-11-29T16:48:38.474748116Z","text":"BKP02LSSGY"}
[info] i  functions: preparing codebase default for deployment 
[debug] [2022-12-06T19:42:02.266Z] Validating nodejs source
[debug] [2022-12-06T19:42:03.733Z] > [functions] package.json contents: {
  "name": "functions",
  "scripts": {
    "build": "tsc",
    "build:watch": "tsc --watch",
    "serve": "npm run build && firebase emulators:start --only functions",
    "shell": "npm run build && firebase functions:shell",
    "start": "npm run shell",
    "deploy": "firebase deploy --only functions",
    "logs": "firebase functions:log"
  },
  "engines": {
    "node": "16"
  },
  "main": "lib/index.js",
  "dependencies": {
    "algoliasearch": "^4.14.2",
    "cors": "^2.8.5",
    "dotenv": "^16.0.3",
    "express": "^4.18.2",
    "firebase-admin": "^11.3.0",
    "firebase-functions": "^4.1.0"
  },
  "devDependencies": {
    "typescript": "^4.6.4"
  },
  "private": true
}
[debug] [2022-12-06T19:42:03.734Z] Building nodejs source
[info] i  functions: Loaded environment variables from .env. 
[debug] [2022-12-06T19:42:03.736Z] Could not find functions.yaml. Must use http discovery
[debug] [2022-12-06T19:42:03.909Z] Serving at port 9006

[debug] [2022-12-06T19:42:04.105Z] Got response from /__/functions.yaml {"endpoints":{"createUserRecord":{"platform":"gcfv1","availableMemoryMb":null,"timeoutSeconds":null,"minInstances":null,"maxInstances":null,"ingressSettings":null,"serviceAccountEmail":null,"vpc":null,"eventTrigger":{"eventType":"providers/firebase.auth/eventTypes/user.create","eventFilters":{"resource":"projects/epic-react-app"},"retry":false},"labels":{},"entryPoint":"createUserRecord"},"api":{"platform":"gcfv1","availableMemoryMb":null,"timeoutSeconds":null,"minInstances":null,"maxInstances":null,"ingressSettings":null,"serviceAccountEmail":null,"vpc":null,"httpsTrigger":{},"entryPoint":"api"}},"specVersion":"v1alpha1","requiredAPIs":[]}
[debug] [2022-12-06T19:42:04.113Z] shutdown requested via /__/quitquitquit

[info] i  functions: preparing functions directory for uploading... 
[info] i  functions: packaged /Users/alexandergilbert/Desktop/book-shelf/functions (56.71 KB) for uploading 
[debug] [2022-12-06T19:42:04.226Z] >>> [apiv2][query] GET https://cloudfunctions.googleapis.com/v1/projects/epic-react-app/locations/-/functions [none]
[debug] [2022-12-06T19:42:04.841Z] <<< [apiv2][status] GET https://cloudfunctions.googleapis.com/v1/projects/epic-react-app/locations/-/functions 200
[debug] [2022-12-06T19:42:04.842Z] <<< [apiv2][body] GET https://cloudfunctions.googleapis.com/v1/projects/epic-react-app/locations/-/functions {"functions":[{"name":"projects/epic-react-app/locations/us-central1/functions/addToIndex","eventTrigger":{"eventType":"providers/cloud.firestore/eventTypes/document.create","resource":"projects/epic-react-app/databases/(default)/documents/books/{bookId}","service":"firestore.googleapis.com","failurePolicy":{}},"status":"ACTIVE","entryPoint":"addToIndex","timeout":"60s","availableMemoryMb":256,"updateTime":"2022-12-02T13:59:22.792Z","versionId":"7","labels":{"deployment-tool":"cli-firebase"},"sourceUploadUrl":"https://storage.googleapis.com/uploads-964221743034.us-central1.cloudfunctions.appspot.com/34d7e1c6-1b13-4a46-bbd2-6b2b217ba222.zip","environmentVariables":{"FIREBASE_CONFIG":"{\"projectId\":\"epic-react-app\",\"storageBucket\":\"epic-react-app.appspot.com\",\"locationId\":\"europe-west\"}","GCLOUD_PROJECT":"epic-react-app"},"runtime":"nodejs16","ingressSettings":"ALLOW_ALL","buildId":"7c7d2746-3a28-4f97-912b-e6b3a09e1163","buildName":"projects/1027566536348/locations/us-central1/builds/7c7d2746-3a28-4f97-912b-e6b3a09e1163","dockerRegistry":"ARTIFACT_REGISTRY"},{"name":"projects/epic-react-app/locations/us-central1/functions/api","httpsTrigger":{"url":"https://us-central1-epic-react-app.cloudfunctions.net/api","securityLevel":"SECURE_ALWAYS"},"status":"ACTIVE","entryPoint":"api","timeout":"60s","availableMemoryMb":256,"serviceAccountEmail":"epic-react-app@appspot.gserviceaccount.com","updateTime":"2022-12-06T17:08:44.626Z","versionId":"38","labels":{"deployment-tool":"cli-firebase"},"sourceUploadUrl":"https://storage.googleapis.com/uploads-964221743034.us-central1.cloudfunctions.appspot.com/e2ec0276-1ddb-47bb-a82c-6059cd428fb0.zip","environmentVariables":{"YOUR_APP_ID":"BKP02LSSGY","ADMIN_API_KEY":"fbef0d8428b432e5e8d9b4cdb1c9cdba","YOUR_SEARCH_KEY":"eeda58004ee9ab3ba82b0f9320246514","FIREBASE_CONFIG":"{\"projectId\":\"epic-react-app\",\"storageBucket\":\"epic-react-app.appspot.com\",\"locationId\":\"europe-west\"}","GCLOUD_PROJECT":"epic-react-app"},"runtime":"nodejs16","ingressSettings":"ALLOW_ALL","buildId":"68505a2c-b361-4685-b3fc-7b7b81595d2d","buildName":"projects/1027566536348/locations/us-central1/builds/68505a2c-b361-4685-b3fc-7b7b81595d2d","dockerRegistry":"ARTIFACT_REGISTRY"},{"name":"projects/epic-react-app/locations/us-central1/functions/createUserRecod","eventTrigger":{"eventType":"providers/firebase.auth/eventTypes/user.create","resource":"projects/epic-react-app","service":"firebaseauth.googleapis.com","failurePolicy":{}},"status":"ACTIVE","entryPoint":"createUserRecod","timeout":"60s","availableMemoryMb":256,"updateTime":"2022-12-02T23:47:16.537Z","versionId":"25","labels":{"deployment-tool":"cli-firebase"},"sourceUploadUrl":"https://storage.googleapis.com/uploads-964221743034.us-central1.cloudfunctions.appspot.com/d0d0c06a-fd4d-415b-b0cb-6c5034455b1a.zip","environmentVariables":{"REACT_APP_YOUR_APP_ID":"BKP02LSSGY","REACT_APP_ADMIN_API_KEY":"fbef0d8428b432e5e8d9b4cdb1c9cdba","REACT_APP_YOUR_SEARCH_KEY":"eeda58004ee9ab3ba82b0f9320246514","FIREBASE_CONFIG":"{\"projectId\":\"epic-react-app\",\"storageBucket\":\"epic-react-app.appspot.com\",\"locationId\":\"europe-west\"}","GCLOUD_PROJECT":"epic-react-app"},"runtime":"nodejs16","ingressSettings":"ALLOW_ALL","buildId":"da5d98d6-db11-4b13-aa08-a58378f9cd50","buildName":"projects/1027566536348/locations/us-central1/builds/da5d98d6-db11-4b13-aa08-a58378f9cd50","dockerRegistry":"ARTIFACT_REGISTRY"},{"name":"projects/epic-react-app/locations/us-central1/functions/createUserRecord","eventTrigger":{"eventType":"providers/firebase.auth/eventTypes/user.create","resource":"projects/epic-react-app","service":"firebaseauth.googleapis.com","failurePolicy":{}},"status":"ACTIVE","entryPoint":"createUserRecord","timeout":"60s","availableMemoryMb":256,"serviceAccountEmail":"epic-react-app@appspot.gserviceaccount.com","updateTime":"2022-12-06T17:08:38.193Z","versionId":"22","labels":{"deployment-tool":"cli-firebase"},"sourceUploadUrl":"https://storage.googleapis.com/uploads-964221743034.us-central1.cloudfunctions.appspot.com/e2ec0276-1ddb-47bb-a82c-6059cd428fb0.zip","environmentVariables":{"YOUR_APP_ID":"BKP02LSSGY","ADMIN_API_KEY":"fbef0d8428b432e5e8d9b4cdb1c9cdba","YOUR_SEARCH_KEY":"eeda58004ee9ab3ba82b0f9320246514","FIREBASE_CONFIG":"{\"projectId\":\"epic-react-app\",\"storageBucket\":\"epic-react-app.appspot.com\",\"locationId\":\"europe-west\"}","GCLOUD_PROJECT":"epic-react-app"},"runtime":"nodejs16","maxInstances":3000,"ingressSettings":"ALLOW_ALL","buildId":"68505a2c-b361-4685-b3fc-7b7b81595d2d","buildName":"projects/1027566536348/locations/us-central1/builds/68505a2c-b361-4685-b3fc-7b7b81595d2d","dockerRegistry":"ARTIFACT_REGISTRY"},{"name":"projects/epic-react-app/locations/us-central1/functions/deleteFromIndex","eventTrigger":{"eventType":"providers/cloud.firestore/eventTypes/document.delete","resource":"projects/epic-react-app/databases/(default)/documents/books/{bookId}","service":"firestore.googleapis.com","failurePolicy":{}},"status":"ACTIVE","entryPoint":"deleteFromIndex","timeout":"60s","availableMemoryMb":256,"updateTime":"2022-12-02T13:59:19.546Z","versionId":"7","labels":{"deployment-tool":"cli-firebase"},"sourceUploadUrl":"https://storage.googleapis.com/uploads-964221743034.us-central1.cloudfunctions.appspot.com/34d7e1c6-1b13-4a46-bbd2-6b2b217ba222.zip","environmentVariables":{"FIREBASE_CONFIG":"{\"projectId\":\"epic-react-app\",\"storageBucket\":\"epic-react-app.appspot.com\",\"locationId\":\"europe-west\"}","GCLOUD_PROJECT":"epic-react-app"},"runtime":"nodejs16","ingressSettings":"ALLOW_ALL","buildId":"7c7d2746-3a28-4f97-912b-e6b3a09e1163","buildName":"projects/1027566536348/locations/us-central1/builds/7c7d2746-3a28-4f97-912b-e6b3a09e1163","dockerRegistry":"ARTIFACT_REGISTRY"},{"name":"projects/epic-react-app/locations/us-central1/functions/getBook","httpsTrigger":{"url":"https://us-central1-epic-react-app.cloudfunctions.net/getBook","securityLevel":"SECURE_ALWAYS"},"status":"ACTIVE","entryPoint":"getBook","timeout":"60s","availableMemoryMb":256,"serviceAccountEmail":"epic-react-app@appspot.gserviceaccount.com","updateTime":"2022-12-02T15:51:48.247Z","versionId":"4","labels":{"deployment-tool":"cli-firebase"},"sourceUploadUrl":"https://storage.googleapis.com/uploads-964221743034.us-central1.cloudfunctions.appspot.com/bb1147d0-6c64-4d7b-9b21-ce0fb34d80d8.zip","environmentVariables":{"FIREBASE_CONFIG":"{\"projectId\":\"epic-react-app\",\"storageBucket\":\"epic-react-app.appspot.com\",\"locationId\":\"europe-west\"}","GCLOUD_PROJECT":"epic-react-app"},"runtime":"nodejs16","ingressSettings":"ALLOW_ALL","buildId":"9e010d4f-a90f-4f75-b50f-19c7bd162509","buildName":"projects/1027566536348/locations/us-central1/builds/9e010d4f-a90f-4f75-b50f-19c7bd162509","dockerRegistry":"ARTIFACT_REGISTRY"},{"name":"projects/epic-react-app/locations/us-central1/functions/updateIndex","eventTrigger":{"eventType":"providers/cloud.firestore/eventTypes/document.update","resource":"projects/epic-react-app/databases/(default)/documents/books/{bookId}","service":"firestore.googleapis.com","failurePolicy":{}},"status":"ACTIVE","entryPoint":"updateIndex","timeout":"60s","availableMemoryMb":256,"updateTime":"2022-12-02T13:59:18.508Z","versionId":"7","labels":{"deployment-tool":"cli-firebase"},"sourceUploadUrl":"https://storage.googleapis.com/uploads-964221743034.us-central1.cloudfunctions.appspot.com/34d7e1c6-1b13-4a46-bbd2-6b2b217ba222.zip","environmentVariables":{"FIREBASE_CONFIG":"{\"projectId\":\"epic-react-app\",\"storageBucket\":\"epic-react-app.appspot.com\",\"locationId\":\"europe-west\"}","GCLOUD_PROJECT":"epic-react-app"},"runtime":"nodejs16","ingressSettings":"ALLOW_ALL","buildId":"7c7d2746-3a28-4f97-912b-e6b3a09e1163","buildName":"projects/1027566536348/locations/us-central1/builds/7c7d2746-3a28-4f97-912b-e6b3a09e1163","dockerRegistry":"ARTIFACT_REGISTRY"}]}
[debug] [2022-12-06T19:42:04.844Z] >>> [apiv2][query] GET https://cloudfunctions.googleapis.com/v2/projects/epic-react-app/locations/-/functions filter=environment%3D%22GEN_2%22
[debug] [2022-12-06T19:42:05.959Z] <<< [apiv2][status] GET https://cloudfunctions.googleapis.com/v2/projects/epic-react-app/locations/-/functions 200
[debug] [2022-12-06T19:42:05.959Z] <<< [apiv2][body] GET https://cloudfunctions.googleapis.com/v2/projects/epic-react-app/locations/-/functions {}
[debug] [2022-12-06T19:42:05.967Z] >>> [apiv2][query] GET https://firebase.googleapis.com/v1beta1/projects/epic-react-app [none]
[debug] [2022-12-06T19:42:06.285Z] <<< [apiv2][status] GET https://firebase.googleapis.com/v1beta1/projects/epic-react-app 200
[debug] [2022-12-06T19:42:06.285Z] <<< [apiv2][body] GET https://firebase.googleapis.com/v1beta1/projects/epic-react-app {"projectId":"epic-react-app","projectNumber":"1027566536348","displayName":"epic-react-app","name":"projects/epic-react-app","resources":{"hostingSite":"epic-react-app","storageBucket":"epic-react-app.appspot.com","locationId":"europe-west"},"state":"ACTIVE","etag":"1_c9d2865d-469a-4f8b-93a6-029c0dfe8aec"}
[debug] [2022-12-06T19:42:06.285Z] >>> [apiv2][query] GET https://firebase.googleapis.com/v1beta1/projects/epic-react-app [none]
[debug] [2022-12-06T19:42:06.618Z] <<< [apiv2][status] GET https://firebase.googleapis.com/v1beta1/projects/epic-react-app 200
[debug] [2022-12-06T19:42:06.619Z] <<< [apiv2][body] GET https://firebase.googleapis.com/v1beta1/projects/epic-react-app {"projectId":"epic-react-app","projectNumber":"1027566536348","displayName":"epic-react-app","name":"projects/epic-react-app","resources":{"hostingSite":"epic-react-app","storageBucket":"epic-react-app.appspot.com","locationId":"europe-west"},"state":"ACTIVE","etag":"1_c9d2865d-469a-4f8b-93a6-029c0dfe8aec"}
[debug] [2022-12-06T19:42:06.619Z] >>> [apiv2][query] GET https://firebase.googleapis.com/v1beta1/projects/epic-react-app [none]
[debug] [2022-12-06T19:42:07.005Z] <<< [apiv2][status] GET https://firebase.googleapis.com/v1beta1/projects/epic-react-app 200
[debug] [2022-12-06T19:42:07.005Z] <<< [apiv2][body] GET https://firebase.googleapis.com/v1beta1/projects/epic-react-app {"projectId":"epic-react-app","projectNumber":"1027566536348","displayName":"epic-react-app","name":"projects/epic-react-app","resources":{"hostingSite":"epic-react-app","storageBucket":"epic-react-app.appspot.com","locationId":"europe-west"},"state":"ACTIVE","etag":"1_c9d2865d-469a-4f8b-93a6-029c0dfe8aec"}
[debug] [2022-12-06T19:42:07.005Z] >>> [apiv2][query] GET https://firebase.googleapis.com/v1beta1/projects/epic-react-app [none]
[debug] [2022-12-06T19:42:07.326Z] <<< [apiv2][status] GET https://firebase.googleapis.com/v1beta1/projects/epic-react-app 200
[debug] [2022-12-06T19:42:07.326Z] <<< [apiv2][body] GET https://firebase.googleapis.com/v1beta1/projects/epic-react-app {"projectId":"epic-react-app","projectNumber":"1027566536348","displayName":"epic-react-app","name":"projects/epic-react-app","resources":{"hostingSite":"epic-react-app","storageBucket":"epic-react-app.appspot.com","locationId":"europe-west"},"state":"ACTIVE","etag":"1_c9d2865d-469a-4f8b-93a6-029c0dfe8aec"}
[debug] [2022-12-06T19:42:07.326Z] >>> [apiv2][query] GET https://firebase.googleapis.com/v1beta1/projects/epic-react-app [none]
[debug] [2022-12-06T19:42:07.629Z] <<< [apiv2][status] GET https://firebase.googleapis.com/v1beta1/projects/epic-react-app 200
[debug] [2022-12-06T19:42:07.630Z] <<< [apiv2][body] GET https://firebase.googleapis.com/v1beta1/projects/epic-react-app {"projectId":"epic-react-app","projectNumber":"1027566536348","displayName":"epic-react-app","name":"projects/epic-react-app","resources":{"hostingSite":"epic-react-app","storageBucket":"epic-react-app.appspot.com","locationId":"europe-west"},"state":"ACTIVE","etag":"1_c9d2865d-469a-4f8b-93a6-029c0dfe8aec"}
[debug] [2022-12-06T19:42:07.630Z] >>> [apiv2][query] GET https://firebase.googleapis.com/v1beta1/projects/epic-react-app [none]
[debug] [2022-12-06T19:42:07.943Z] <<< [apiv2][status] GET https://firebase.googleapis.com/v1beta1/projects/epic-react-app 200
[debug] [2022-12-06T19:42:07.943Z] <<< [apiv2][body] GET https://firebase.googleapis.com/v1beta1/projects/epic-react-app {"projectId":"epic-react-app","projectNumber":"1027566536348","displayName":"epic-react-app","name":"projects/epic-react-app","resources":{"hostingSite":"epic-react-app","storageBucket":"epic-react-app.appspot.com","locationId":"europe-west"},"state":"ACTIVE","etag":"1_c9d2865d-469a-4f8b-93a6-029c0dfe8aec"}
[debug] [2022-12-06T19:42:07.945Z] >>> [apiv2][query] POST https://cloudfunctions.googleapis.com/v1/projects/epic-react-app/locations/us-central1/functions:generateUploadUrl [none]
[debug] [2022-12-06T19:42:07.945Z] >>> [apiv2][body] POST https://cloudfunctions.googleapis.com/v1/projects/epic-react-app/locations/us-central1/functions:generateUploadUrl {}
[debug] [2022-12-06T19:42:08.605Z] <<< [apiv2][status] POST https://cloudfunctions.googleapis.com/v1/projects/epic-react-app/locations/us-central1/functions:generateUploadUrl 200
[debug] [2022-12-06T19:42:08.605Z] <<< [apiv2][body] POST https://cloudfunctions.googleapis.com/v1/projects/epic-react-app/locations/us-central1/functions:generateUploadUrl {"uploadUrl":"https://storage.googleapis.com/uploads-964221743034.us-central1.cloudfunctions.appspot.com/e0c68a18-f1b8-4d38-9072-a9088076d560.zip?GoogleAccessId=service-1027566536348@gcf-admin-robot.iam.gserviceaccount.com&Expires=1670357528&Signature=PjpSVe%2BTM154Y%2BYDKogTzp8ItWogRiKj4ryOPLZ9OfMIq5kdcrCMOg15f90%2B05EeMJoMhJPVejj%2FwopcXKVrprVb4B%2FhqameUqzTbM9LRVleCDkdx75scstjVIafM7W0crvAsjKoLeJ9JRPK%2BCSxjrBWZu1J2thBNYfyiLQ6qhR2SDOusiF7rOMdICdOJD7tPS%2FZYcd6YcuLuni%2FrTFvylx4gEpUMcluBHBd84PcX4m126nkaaGt2b055tcWOXrMuQ7HKdj%2FPP7qJ08qMHsPvl00yTCtbyB3kiyh1G9Nlj5mVWAQebQFHfFNEA6UE6Grvcy9YkhftmxS1aUWmATUpw%3D%3D"}
[debug] [2022-12-06T19:42:08.606Z] >>> [apiv2][query] PUT https://storage.googleapis.com/uploads-964221743034.us-central1.cloudfunctions.appspot.com/e0c68a18-f1b8-4d38-9072-a9088076d560.zip GoogleAccessId=service-1027566536348%40gcf-admin-robot.iam.gserviceaccount.com&Expires=1670357528&Signature=PjpSVe%2BTM154Y%2BYDKogTzp8ItWogRiKj4ryOPLZ9OfMIq5kdcrCMOg15f90%2B05EeMJoMhJPVejj%2FwopcXKVrprVb4B%2FhqameUqzTbM9LRVleCDkdx75scstjVIafM7W0crvAsjKoLeJ9JRPK%2BCSxjrBWZu1J2thBNYfyiLQ6qhR2SDOusiF7rOMdICdOJD7tPS%2FZYcd6YcuLuni%2FrTFvylx4gEpUMcluBHBd84PcX4m126nkaaGt2b055tcWOXrMuQ7HKdj%2FPP7qJ08qMHsPvl00yTCtbyB3kiyh1G9Nlj5mVWAQebQFHfFNEA6UE6Grvcy9YkhftmxS1aUWmATUpw%3D%3D
[debug] [2022-12-06T19:42:08.606Z] >>> [apiv2][body] PUT https://storage.googleapis.com/uploads-964221743034.us-central1.cloudfunctions.appspot.com/e0c68a18-f1b8-4d38-9072-a9088076d560.zip [stream]
[debug] [2022-12-06T19:42:09.098Z] <<< [apiv2][status] PUT https://storage.googleapis.com/uploads-964221743034.us-central1.cloudfunctions.appspot.com/e0c68a18-f1b8-4d38-9072-a9088076d560.zip 200
[debug] [2022-12-06T19:42:09.098Z] <<< [apiv2][body] PUT https://storage.googleapis.com/uploads-964221743034.us-central1.cloudfunctions.appspot.com/e0c68a18-f1b8-4d38-9072-a9088076d560.zip [omitted]
[info] ✔  functions: functions folder uploaded successfully 
[info] 
The following functions are found in your project but do not exist in your local source code:
	addToIndex(us-central1)
	createUserRecod(us-central1)
	deleteFromIndex(us-central1)
	getBook(us-central1)
	updateIndex(us-central1)

If you are renaming a function or changing its region, it is recommended that you create the new function first before deleting the old one to prevent event loss. For more info, visit https://firebase.google.com/docs/functions/manage-functions#modify

[info] i  functions: updating Node.js 16 function createUserRecord(us-central1)... 
[info] i  functions: updating Node.js 16 function api(us-central1)... 
[debug] [2022-12-06T19:45:43.089Z] >>> [apiv2][query] PATCH https://cloudfunctions.googleapis.com/v1/projects/epic-react-app/locations/us-central1/functions/createUserRecord updateMask=name%2CsourceUploadUrl%2CentryPoint%2Cruntime%2CdockerRegistry%2Clabels%2CeventTrigger.eventType%2CeventTrigger.resource%2CeventTrigger.failurePolicy%2CminInstances%2CmaxInstances%2CingressSettings%2CenvironmentVariables%2CserviceAccountEmail%2CavailableMemoryMb%2Ctimeout%2CvpcConnector%2CvpcConnectorEgressSettings%2CsourceToken
[debug] [2022-12-06T19:45:43.089Z] >>> [apiv2][body] PATCH https://cloudfunctions.googleapis.com/v1/projects/epic-react-app/locations/us-central1/functions/createUserRecord {"name":"projects/epic-react-app/locations/us-central1/functions/createUserRecord","sourceUploadUrl":"https://storage.googleapis.com/uploads-964221743034.us-central1.cloudfunctions.appspot.com/e0c68a18-f1b8-4d38-9072-a9088076d560.zip?GoogleAccessId=service-1027566536348@gcf-admin-robot.iam.gserviceaccount.com&Expires=1670357528&Signature=PjpSVe%2BTM154Y%2BYDKogTzp8ItWogRiKj4ryOPLZ9OfMIq5kdcrCMOg15f90%2B05EeMJoMhJPVejj%2FwopcXKVrprVb4B%2FhqameUqzTbM9LRVleCDkdx75scstjVIafM7W0crvAsjKoLeJ9JRPK%2BCSxjrBWZu1J2thBNYfyiLQ6qhR2SDOusiF7rOMdICdOJD7tPS%2FZYcd6YcuLuni%2FrTFvylx4gEpUMcluBHBd84PcX4m126nkaaGt2b055tcWOXrMuQ7HKdj%2FPP7qJ08qMHsPvl00yTCtbyB3kiyh1G9Nlj5mVWAQebQFHfFNEA6UE6Grvcy9YkhftmxS1aUWmATUpw%3D%3D","entryPoint":"createUserRecord","runtime":"nodejs16","dockerRegistry":"ARTIFACT_REGISTRY","labels":{"deployment-tool":"cli-firebase"},"eventTrigger":{"eventType":"providers/firebase.auth/eventTypes/user.create","resource":"projects/epic-react-app"},"minInstances":null,"maxInstances":null,"ingressSettings":null,"environmentVariables":{"YOUR_APP_ID":"BKP02LSSGY","ADMIN_API_KEY":"fbef0d8428b432e5e8d9b4cdb1c9cdba","YOUR_SEARCH_KEY":"eeda58004ee9ab3ba82b0f9320246514","FIREBASE_CONFIG":"{\"projectId\":\"epic-react-app\",\"storageBucket\":\"epic-react-app.appspot.com\",\"locationId\":\"europe-west\"}","GCLOUD_PROJECT":"epic-react-app"},"serviceAccountEmail":null,"availableMemoryMb":null,"timeout":null,"vpcConnector":null,"vpcConnectorEgressSettings":null}
[debug] [2022-12-06T19:45:43.966Z] <<< [apiv2][status] PATCH https://cloudfunctions.googleapis.com/v1/projects/epic-react-app/locations/us-central1/functions/createUserRecord 200
[debug] [2022-12-06T19:45:43.966Z] <<< [apiv2][body] PATCH https://cloudfunctions.googleapis.com/v1/projects/epic-react-app/locations/us-central1/functions/createUserRecord {"name":"operations/ZXBpYy1yZWFjdC1hcHAvdXMtY2VudHJhbDEvY3JlYXRlVXNlclJlY29yZC9uOUtOUUlfcnJwVQ","metadata":{"@type":"type.googleapis.com/google.cloud.functions.v1.OperationMetadataV1","target":"projects/epic-react-app/locations/us-central1/functions/createUserRecord","type":"UPDATE_FUNCTION","request":{"@type":"type.googleapis.com/google.cloud.functions.v1.CloudFunction","name":"projects/epic-react-app/locations/us-central1/functions/createUserRecord","eventTrigger":{"eventType":"providers/firebase.auth/eventTypes/user.create","resource":"projects/epic-react-app","service":"firebaseauth.googleapis.com"},"status":"ACTIVE","entryPoint":"createUserRecord","updateTime":"2022-12-06T17:08:38.193Z","versionId":"22","labels":{"deployment-tool":"cli-firebase"},"sourceUploadUrl":"https://storage.googleapis.com/uploads-964221743034.us-central1.cloudfunctions.appspot.com/e0c68a18-f1b8-4d38-9072-a9088076d560.zip?GoogleAccessId=service-1027566536348@gcf-admin-robot.iam.gserviceaccount.com&Expires=1670357528&Signature=PjpSVe%2BTM154Y%2BYDKogTzp8ItWogRiKj4ryOPLZ9OfMIq5kdcrCMOg15f90%2B05EeMJoMhJPVejj%2FwopcXKVrprVb4B%2FhqameUqzTbM9LRVleCDkdx75scstjVIafM7W0crvAsjKoLeJ9JRPK%2BCSxjrBWZu1J2thBNYfyiLQ6qhR2SDOusiF7rOMdICdOJD7tPS%2FZYcd6YcuLuni%2FrTFvylx4gEpUMcluBHBd84PcX4m126nkaaGt2b055tcWOXrMuQ7HKdj%2FPP7qJ08qMHsPvl00yTCtbyB3kiyh1G9Nlj5mVWAQebQFHfFNEA6UE6Grvcy9YkhftmxS1aUWmATUpw%3D%3D","environmentVariables":{"YOUR_APP_ID":"BKP02LSSGY","ADMIN_API_KEY":"fbef0d8428b432e5e8d9b4cdb1c9cdba","YOUR_SEARCH_KEY":"eeda58004ee9ab3ba82b0f9320246514","FIREBASE_CONFIG":"{\"projectId\":\"epic-react-app\",\"storageBucket\":\"epic-react-app.appspot.com\",\"locationId\":\"europe-west\"}","GCLOUD_PROJECT":"epic-react-app"},"runtime":"nodejs16","buildId":"68505a2c-b361-4685-b3fc-7b7b81595d2d","buildName":"projects/1027566536348/locations/us-central1/builds/68505a2c-b361-4685-b3fc-7b7b81595d2d","dockerRegistry":"ARTIFACT_REGISTRY"},"versionId":"23","updateTime":"2022-12-06T19:45:44Z"}}
[debug] [2022-12-06T19:45:43.967Z] >>> [apiv2][query] GET https://cloudfunctions.googleapis.com/v1/operations/ZXBpYy1yZWFjdC1hcHAvdXMtY2VudHJhbDEvY3JlYXRlVXNlclJlY29yZC9uOUtOUUlfcnJwVQ [none]
[debug] [2022-12-06T19:45:44.292Z] <<< [apiv2][status] GET https://cloudfunctions.googleapis.com/v1/operations/ZXBpYy1yZWFjdC1hcHAvdXMtY2VudHJhbDEvY3JlYXRlVXNlclJlY29yZC9uOUtOUUlfcnJwVQ 200
[debug] [2022-12-06T19:45:44.292Z] <<< [apiv2][body] GET https://cloudfunctions.googleapis.com/v1/operations/ZXBpYy1yZWFjdC1hcHAvdXMtY2VudHJhbDEvY3JlYXRlVXNlclJlY29yZC9uOUtOUUlfcnJwVQ {"name":"operations/ZXBpYy1yZWFjdC1hcHAvdXMtY2VudHJhbDEvY3JlYXRlVXNlclJlY29yZC9uOUtOUUlfcnJwVQ","metadata":{"@type":"type.googleapis.com/google.cloud.functions.v1.OperationMetadataV1","target":"projects/epic-react-app/locations/us-central1/functions/createUserRecord","type":"UPDATE_FUNCTION","request":{"@type":"type.googleapis.com/google.cloud.functions.v1.CloudFunction","name":"projects/epic-react-app/locations/us-central1/functions/createUserRecord","eventTrigger":{"eventType":"providers/firebase.auth/eventTypes/user.create","resource":"projects/epic-react-app","service":"firebaseauth.googleapis.com"},"status":"ACTIVE","entryPoint":"createUserRecord","updateTime":"2022-12-06T17:08:38.193Z","versionId":"22","labels":{"deployment-tool":"cli-firebase"},"sourceUploadUrl":"https://storage.googleapis.com/uploads-964221743034.us-central1.cloudfunctions.appspot.com/e0c68a18-f1b8-4d38-9072-a9088076d560.zip?GoogleAccessId=service-1027566536348@gcf-admin-robot.iam.gserviceaccount.com&Expires=1670357528&Signature=PjpSVe%2BTM154Y%2BYDKogTzp8ItWogRiKj4ryOPLZ9OfMIq5kdcrCMOg15f90%2B05EeMJoMhJPVejj%2FwopcXKVrprVb4B%2FhqameUqzTbM9LRVleCDkdx75scstjVIafM7W0crvAsjKoLeJ9JRPK%2BCSxjrBWZu1J2thBNYfyiLQ6qhR2SDOusiF7rOMdICdOJD7tPS%2FZYcd6YcuLuni%2FrTFvylx4gEpUMcluBHBd84PcX4m126nkaaGt2b055tcWOXrMuQ7HKdj%2FPP7qJ08qMHsPvl00yTCtbyB3kiyh1G9Nlj5mVWAQebQFHfFNEA6UE6Grvcy9YkhftmxS1aUWmATUpw%3D%3D","environmentVariables":{"YOUR_APP_ID":"BKP02LSSGY","ADMIN_API_KEY":"fbef0d8428b432e5e8d9b4cdb1c9cdba","YOUR_SEARCH_KEY":"eeda58004ee9ab3ba82b0f9320246514","FIREBASE_CONFIG":"{\"projectId\":\"epic-react-app\",\"storageBucket\":\"epic-react-app.appspot.com\",\"locationId\":\"europe-west\"}","GCLOUD_PROJECT":"epic-react-app"},"runtime":"nodejs16","buildId":"68505a2c-b361-4685-b3fc-7b7b81595d2d","buildName":"projects/1027566536348/locations/us-central1/builds/68505a2c-b361-4685-b3fc-7b7b81595d2d","dockerRegistry":"ARTIFACT_REGISTRY"},"versionId":"23","updateTime":"2022-12-06T19:45:44Z"}}
[debug] [2022-12-06T19:45:44.794Z] [update-default-us-central1-createUserRecord] Retrying task index 0
[debug] [2022-12-06T19:45:44.795Z] >>> [apiv2][query] GET https://cloudfunctions.googleapis.com/v1/operations/ZXBpYy1yZWFjdC1hcHAvdXMtY2VudHJhbDEvY3JlYXRlVXNlclJlY29yZC9uOUtOUUlfcnJwVQ [none]
[debug] [2022-12-06T19:45:45.153Z] <<< [apiv2][status] GET https://cloudfunctions.googleapis.com/v1/operations/ZXBpYy1yZWFjdC1hcHAvdXMtY2VudHJhbDEvY3JlYXRlVXNlclJlY29yZC9uOUtOUUlfcnJwVQ 200
[debug] [2022-12-06T19:45:45.153Z] <<< [apiv2][body] GET https://cloudfunctions.googleapis.com/v1/operations/ZXBpYy1yZWFjdC1hcHAvdXMtY2VudHJhbDEvY3JlYXRlVXNlclJlY29yZC9uOUtOUUlfcnJwVQ {"name":"operations/ZXBpYy1yZWFjdC1hcHAvdXMtY2VudHJhbDEvY3JlYXRlVXNlclJlY29yZC9uOUtOUUlfcnJwVQ","metadata":{"@type":"type.googleapis.com/google.cloud.functions.v1.OperationMetadataV1","target":"projects/epic-react-app/locations/us-central1/functions/createUserRecord","type":"UPDATE_FUNCTION","request":{"@type":"type.googleapis.com/google.cloud.functions.v1.CloudFunction","name":"projects/epic-react-app/locations/us-central1/functions/createUserRecord","eventTrigger":{"eventType":"providers/firebase.auth/eventTypes/user.create","resource":"projects/epic-react-app","service":"firebaseauth.googleapis.com"},"status":"ACTIVE","entryPoint":"createUserRecord","updateTime":"2022-12-06T17:08:38.193Z","versionId":"22","labels":{"deployment-tool":"cli-firebase"},"sourceUploadUrl":"https://storage.googleapis.com/uploads-964221743034.us-central1.cloudfunctions.appspot.com/e0c68a18-f1b8-4d38-9072-a9088076d560.zip?GoogleAccessId=service-1027566536348@gcf-admin-robot.iam.gserviceaccount.com&Expires=1670357528&Signature=PjpSVe%2BTM154Y%2BYDKogTzp8ItWogRiKj4ryOPLZ9OfMIq5kdcrCMOg15f90%2B05EeMJoMhJPVejj%2FwopcXKVrprVb4B%2FhqameUqzTbM9LRVleCDkdx75scstjVIafM7W0crvAsjKoLeJ9JRPK%2BCSxjrBWZu1J2thBNYfyiLQ6qhR2SDOusiF7rOMdICdOJD7tPS%2FZYcd6YcuLuni%2FrTFvylx4gEpUMcluBHBd84PcX4m126nkaaGt2b055tcWOXrMuQ7HKdj%2FPP7qJ08qMHsPvl00yTCtbyB3kiyh1G9Nlj5mVWAQebQFHfFNEA6UE6Grvcy9YkhftmxS1aUWmATUpw%3D%3D","environmentVariables":{"YOUR_APP_ID":"BKP02LSSGY","ADMIN_API_KEY":"fbef0d8428b432e5e8d9b4cdb1c9cdba","YOUR_SEARCH_KEY":"eeda58004ee9ab3ba82b0f9320246514","FIREBASE_CONFIG":"{\"projectId\":\"epic-react-app\",\"storageBucket\":\"epic-react-app.appspot.com\",\"locationId\":\"europe-west\"}","GCLOUD_PROJECT":"epic-react-app"},"runtime":"nodejs16","buildId":"68505a2c-b361-4685-b3fc-7b7b81595d2d","buildName":"projects/1027566536348/locations/us-central1/builds/68505a2c-b361-4685-b3fc-7b7b81595d2d","dockerRegistry":"ARTIFACT_REGISTRY"},"versionId":"23","updateTime":"2022-12-06T19:45:44Z","buildId":"54c451a0-f706-46cd-8b95-d8fd8b8127f8","buildName":"projects/1027566536348/locations/us-central1/builds/54c451a0-f706-46cd-8b95-d8fd8b8127f8"}}
[debug] [2022-12-06T19:45:46.155Z] [update-default-us-central1-createUserRecord] Retrying task index 0
[debug] [2022-12-06T19:45:46.156Z] >>> [apiv2][query] GET https://cloudfunctions.googleapis.com/v1/operations/ZXBpYy1yZWFjdC1hcHAvdXMtY2VudHJhbDEvY3JlYXRlVXNlclJlY29yZC9uOUtOUUlfcnJwVQ [none]
[debug] [2022-12-06T19:45:46.485Z] <<< [apiv2][status] GET https://cloudfunctions.googleapis.com/v1/operations/ZXBpYy1yZWFjdC1hcHAvdXMtY2VudHJhbDEvY3JlYXRlVXNlclJlY29yZC9uOUtOUUlfcnJwVQ 200
[debug] [2022-12-06T19:45:46.485Z] <<< [apiv2][body] GET https://cloudfunctions.googleapis.com/v1/operations/ZXBpYy1yZWFjdC1hcHAvdXMtY2VudHJhbDEvY3JlYXRlVXNlclJlY29yZC9uOUtOUUlfcnJwVQ {"name":"operations/ZXBpYy1yZWFjdC1hcHAvdXMtY2VudHJhbDEvY3JlYXRlVXNlclJlY29yZC9uOUtOUUlfcnJwVQ","metadata":{"@type":"type.googleapis.com/google.cloud.functions.v1.OperationMetadataV1","target":"projects/epic-react-app/locations/us-central1/functions/createUserRecord","type":"UPDATE_FUNCTION","request":{"@type":"type.googleapis.com/google.cloud.functions.v1.CloudFunction","name":"projects/epic-react-app/locations/us-central1/functions/createUserRecord","eventTrigger":{"eventType":"providers/firebase.auth/eventTypes/user.create","resource":"projects/epic-react-app","service":"firebaseauth.googleapis.com"},"status":"ACTIVE","entryPoint":"createUserRecord","updateTime":"2022-12-06T17:08:38.193Z","versionId":"22","labels":{"deployment-tool":"cli-firebase"},"sourceUploadUrl":"https://storage.googleapis.com/uploads-964221743034.us-central1.cloudfunctions.appspot.com/e0c68a18-f1b8-4d38-9072-a9088076d560.zip?GoogleAccessId=service-1027566536348@gcf-admin-robot.iam.gserviceaccount.com&Expires=1670357528&Signature=PjpSVe%2BTM154Y%2BYDKogTzp8ItWogRiKj4ryOPLZ9OfMIq5kdcrCMOg15f90%2B05EeMJoMhJPVejj%2FwopcXKVrprVb4B%2FhqameUqzTbM9LRVleCDkdx75scstjVIafM7W0crvAsjKoLeJ9JRPK%2BCSxjrBWZu1J2thBNYfyiLQ6qhR2SDOusiF7rOMdICdOJD7tPS%2FZYcd6YcuLuni%2FrTFvylx4gEpUMcluBHBd84PcX4m126nkaaGt2b055tcWOXrMuQ7HKdj%2FPP7qJ08qMHsPvl00yTCtbyB3kiyh1G9Nlj5mVWAQebQFHfFNEA6UE6Grvcy9YkhftmxS1aUWmATUpw%3D%3D","environmentVariables":{"YOUR_APP_ID":"BKP02LSSGY","ADMIN_API_KEY":"fbef0d8428b432e5e8d9b4cdb1c9cdba","YOUR_SEARCH_KEY":"eeda58004ee9ab3ba82b0f9320246514","FIREBASE_CONFIG":"{\"projectId\":\"epic-react-app\",\"storageBucket\":\"epic-react-app.appspot.com\",\"locationId\":\"europe-west\"}","GCLOUD_PROJECT":"epic-react-app"},"runtime":"nodejs16","buildId":"68505a2c-b361-4685-b3fc-7b7b81595d2d","buildName":"projects/1027566536348/locations/us-central1/builds/68505a2c-b361-4685-b3fc-7b7b81595d2d","dockerRegistry":"ARTIFACT_REGISTRY"},"versionId":"23","updateTime":"2022-12-06T19:45:44Z","buildId":"54c451a0-f706-46cd-8b95-d8fd8b8127f8","buildName":"projects/1027566536348/locations/us-central1/builds/54c451a0-f706-46cd-8b95-d8fd8b8127f8"}}
[debug] [2022-12-06T19:45:48.487Z] [update-default-us-central1-createUserRecord] Retrying task index 0
[debug] [2022-12-06T19:45:48.488Z] >>> [apiv2][query] GET https://cloudfunctions.googleapis.com/v1/operations/ZXBpYy1yZWFjdC1hcHAvdXMtY2VudHJhbDEvY3JlYXRlVXNlclJlY29yZC9uOUtOUUlfcnJwVQ [none]
[debug] [2022-12-06T19:45:48.856Z] <<< [apiv2][status] GET https://cloudfunctions.googleapis.com/v1/operations/ZXBpYy1yZWFjdC1hcHAvdXMtY2VudHJhbDEvY3JlYXRlVXNlclJlY29yZC9uOUtOUUlfcnJwVQ 200
[debug] [2022-12-06T19:45:48.856Z] <<< [apiv2][body] GET https://cloudfunctions.googleapis.com/v1/operations/ZXBpYy1yZWFjdC1hcHAvdXMtY2VudHJhbDEvY3JlYXRlVXNlclJlY29yZC9uOUtOUUlfcnJwVQ {"name":"operations/ZXBpYy1yZWFjdC1hcHAvdXMtY2VudHJhbDEvY3JlYXRlVXNlclJlY29yZC9uOUtOUUlfcnJwVQ","metadata":{"@type":"type.googleapis.com/google.cloud.functions.v1.OperationMetadataV1","target":"projects/epic-react-app/locations/us-central1/functions/createUserRecord","type":"UPDATE_FUNCTION","request":{"@type":"type.googleapis.com/google.cloud.functions.v1.CloudFunction","name":"projects/epic-react-app/locations/us-central1/functions/createUserRecord","eventTrigger":{"eventType":"providers/firebase.auth/eventTypes/user.create","resource":"projects/epic-react-app","service":"firebaseauth.googleapis.com"},"status":"ACTIVE","entryPoint":"createUserRecord","updateTime":"2022-12-06T17:08:38.193Z","versionId":"22","labels":{"deployment-tool":"cli-firebase"},"sourceUploadUrl":"https://storage.googleapis.com/uploads-964221743034.us-central1.cloudfunctions.appspot.com/e0c68a18-f1b8-4d38-9072-a9088076d560.zip?GoogleAccessId=service-1027566536348@gcf-admin-robot.iam.gserviceaccount.com&Expires=1670357528&Signature=PjpSVe%2BTM154Y%2BYDKogTzp8ItWogRiKj4ryOPLZ9OfMIq5kdcrCMOg15f90%2B05EeMJoMhJPVejj%2FwopcXKVrprVb4B%2FhqameUqzTbM9LRVleCDkdx75scstjVIafM7W0crvAsjKoLeJ9JRPK%2BCSxjrBWZu1J2thBNYfyiLQ6qhR2SDOusiF7rOMdICdOJD7tPS%2FZYcd6YcuLuni%2FrTFvylx4gEpUMcluBHBd84PcX4m126nkaaGt2b055tcWOXrMuQ7HKdj%2FPP7qJ08qMHsPvl00yTCtbyB3kiyh1G9Nlj5mVWAQebQFHfFNEA6UE6Grvcy9YkhftmxS1aUWmATUpw%3D%3D","environmentVariables":{"YOUR_APP_ID":"BKP02LSSGY","ADMIN_API_KEY":"fbef0d8428b432e5e8d9b4cdb1c9cdba","YOUR_SEARCH_KEY":"eeda58004ee9ab3ba82b0f9320246514","FIREBASE_CONFIG":"{\"projectId\":\"epic-react-app\",\"storageBucket\":\"epic-react-app.appspot.com\",\"locationId\":\"europe-west\"}","GCLOUD_PROJECT":"epic-react-app"},"runtime":"nodejs16","buildId":"68505a2c-b361-4685-b3fc-7b7b81595d2d","buildName":"projects/1027566536348/locations/us-central1/builds/68505a2c-b361-4685-b3fc-7b7b81595d2d","dockerRegistry":"ARTIFACT_REGISTRY"},"versionId":"23","updateTime":"2022-12-06T19:45:44Z","buildId":"54c451a0-f706-46cd-8b95-d8fd8b8127f8","buildName":"projects/1027566536348/locations/us-central1/builds/54c451a0-f706-46cd-8b95-d8fd8b8127f8"}}
[debug] [2022-12-06T19:45:52.857Z] [update-default-us-central1-createUserRecord] Retrying task index 0
[debug] [2022-12-06T19:45:52.858Z] >>> [apiv2][query] GET https://cloudfunctions.googleapis.com/v1/operations/ZXBpYy1yZWFjdC1hcHAvdXMtY2VudHJhbDEvY3JlYXRlVXNlclJlY29yZC9uOUtOUUlfcnJwVQ [none]
[debug] [2022-12-06T19:45:53.157Z] <<< [apiv2][status] GET https://cloudfunctions.googleapis.com/v1/operations/ZXBpYy1yZWFjdC1hcHAvdXMtY2VudHJhbDEvY3JlYXRlVXNlclJlY29yZC9uOUtOUUlfcnJwVQ 200
[debug] [2022-12-06T19:45:53.157Z] <<< [apiv2][body] GET https://cloudfunctions.googleapis.com/v1/operations/ZXBpYy1yZWFjdC1hcHAvdXMtY2VudHJhbDEvY3JlYXRlVXNlclJlY29yZC9uOUtOUUlfcnJwVQ {"name":"operations/ZXBpYy1yZWFjdC1hcHAvdXMtY2VudHJhbDEvY3JlYXRlVXNlclJlY29yZC9uOUtOUUlfcnJwVQ","metadata":{"@type":"type.googleapis.com/google.cloud.functions.v1.OperationMetadataV1","target":"projects/epic-react-app/locations/us-central1/functions/createUserRecord","type":"UPDATE_FUNCTION","request":{"@type":"type.googleapis.com/google.cloud.functions.v1.CloudFunction","name":"projects/epic-react-app/locations/us-central1/functions/createUserRecord","eventTrigger":{"eventType":"providers/firebase.auth/eventTypes/user.create","resource":"projects/epic-react-app","service":"firebaseauth.googleapis.com"},"status":"ACTIVE","entryPoint":"createUserRecord","updateTime":"2022-12-06T17:08:38.193Z","versionId":"22","labels":{"deployment-tool":"cli-firebase"},"sourceUploadUrl":"https://storage.googleapis.com/uploads-964221743034.us-central1.cloudfunctions.appspot.com/e0c68a18-f1b8-4d38-9072-a9088076d560.zip?GoogleAccessId=service-1027566536348@gcf-admin-robot.iam.gserviceaccount.com&Expires=1670357528&Signature=PjpSVe%2BTM154Y%2BYDKogTzp8ItWogRiKj4ryOPLZ9OfMIq5kdcrCMOg15f90%2B05EeMJoMhJPVejj%2FwopcXKVrprVb4B%2FhqameUqzTbM9LRVleCDkdx75scstjVIafM7W0crvAsjKoLeJ9JRPK%2BCSxjrBWZu1J2thBNYfyiLQ6qhR2SDOusiF7rOMdICdOJD7tPS%2FZYcd6YcuLuni%2FrTFvylx4gEpUMcluBHBd84PcX4m126nkaaGt2b055tcWOXrMuQ7HKdj%2FPP7qJ08qMHsPvl00yTCtbyB3kiyh1G9Nlj5mVWAQebQFHfFNEA6UE6Grvcy9YkhftmxS1aUWmATUpw%3D%3D","environmentVariables":{"YOUR_APP_ID":"BKP02LSSGY","ADMIN_API_KEY":"fbef0d8428b432e5e8d9b4cdb1c9cdba","YOUR_SEARCH_KEY":"eeda58004ee9ab3ba82b0f9320246514","FIREBASE_CONFIG":"{\"projectId\":\"epic-react-app\",\"storageBucket\":\"epic-react-app.appspot.com\",\"locationId\":\"europe-west\"}","GCLOUD_PROJECT":"epic-react-app"},"runtime":"nodejs16","buildId":"68505a2c-b361-4685-b3fc-7b7b81595d2d","buildName":"projects/1027566536348/locations/us-central1/builds/68505a2c-b361-4685-b3fc-7b7b81595d2d","dockerRegistry":"ARTIFACT_REGISTRY"},"versionId":"23","updateTime":"2022-12-06T19:45:44Z","buildId":"54c451a0-f706-46cd-8b95-d8fd8b8127f8","buildName":"projects/1027566536348/locations/us-central1/builds/54c451a0-f706-46cd-8b95-d8fd8b8127f8"}}
[debug] [2022-12-06T19:46:01.158Z] [update-default-us-central1-createUserRecord] Retrying task index 0
[debug] [2022-12-06T19:46:01.158Z] >>> [apiv2][query] GET https://cloudfunctions.googleapis.com/v1/operations/ZXBpYy1yZWFjdC1hcHAvdXMtY2VudHJhbDEvY3JlYXRlVXNlclJlY29yZC9uOUtOUUlfcnJwVQ [none]
[debug] [2022-12-06T19:46:01.481Z] <<< [apiv2][status] GET https://cloudfunctions.googleapis.com/v1/operations/ZXBpYy1yZWFjdC1hcHAvdXMtY2VudHJhbDEvY3JlYXRlVXNlclJlY29yZC9uOUtOUUlfcnJwVQ 200
[debug] [2022-12-06T19:46:01.481Z] <<< [apiv2][body] GET https://cloudfunctions.googleapis.com/v1/operations/ZXBpYy1yZWFjdC1hcHAvdXMtY2VudHJhbDEvY3JlYXRlVXNlclJlY29yZC9uOUtOUUlfcnJwVQ {"name":"operations/ZXBpYy1yZWFjdC1hcHAvdXMtY2VudHJhbDEvY3JlYXRlVXNlclJlY29yZC9uOUtOUUlfcnJwVQ","metadata":{"@type":"type.googleapis.com/google.cloud.functions.v1.OperationMetadataV1","target":"projects/epic-react-app/locations/us-central1/functions/createUserRecord","type":"UPDATE_FUNCTION","request":{"@type":"type.googleapis.com/google.cloud.functions.v1.CloudFunction","name":"projects/epic-react-app/locations/us-central1/functions/createUserRecord","eventTrigger":{"eventType":"providers/firebase.auth/eventTypes/user.create","resource":"projects/epic-react-app","service":"firebaseauth.googleapis.com"},"status":"ACTIVE","entryPoint":"createUserRecord","updateTime":"2022-12-06T17:08:38.193Z","versionId":"22","labels":{"deployment-tool":"cli-firebase"},"sourceUploadUrl":"https://storage.googleapis.com/uploads-964221743034.us-central1.cloudfunctions.appspot.com/e0c68a18-f1b8-4d38-9072-a9088076d560.zip?GoogleAccessId=service-1027566536348@gcf-admin-robot.iam.gserviceaccount.com&Expires=1670357528&Signature=PjpSVe%2BTM154Y%2BYDKogTzp8ItWogRiKj4ryOPLZ9OfMIq5kdcrCMOg15f90%2B05EeMJoMhJPVejj%2FwopcXKVrprVb4B%2FhqameUqzTbM9LRVleCDkdx75scstjVIafM7W0crvAsjKoLeJ9JRPK%2BCSxjrBWZu1J2thBNYfyiLQ6qhR2SDOusiF7rOMdICdOJD7tPS%2FZYcd6YcuLuni%2FrTFvylx4gEpUMcluBHBd84PcX4m126nkaaGt2b055tcWOXrMuQ7HKdj%2FPP7qJ08qMHsPvl00yTCtbyB3kiyh1G9Nlj5mVWAQebQFHfFNEA6UE6Grvcy9YkhftmxS1aUWmATUpw%3D%3D","environmentVariables":{"YOUR_APP_ID":"BKP02LSSGY","ADMIN_API_KEY":"fbef0d8428b432e5e8d9b4cdb1c9cdba","YOUR_SEARCH_KEY":"eeda58004ee9ab3ba82b0f9320246514","FIREBASE_CONFIG":"{\"projectId\":\"epic-react-app\",\"storageBucket\":\"epic-react-app.appspot.com\",\"locationId\":\"europe-west\"}","GCLOUD_PROJECT":"epic-react-app"},"runtime":"nodejs16","buildId":"68505a2c-b361-4685-b3fc-7b7b81595d2d","buildName":"projects/1027566536348/locations/us-central1/builds/68505a2c-b361-4685-b3fc-7b7b81595d2d","dockerRegistry":"ARTIFACT_REGISTRY"},"versionId":"23","updateTime":"2022-12-06T19:45:44Z","buildId":"54c451a0-f706-46cd-8b95-d8fd8b8127f8","buildName":"projects/1027566536348/locations/us-central1/builds/54c451a0-f706-46cd-8b95-d8fd8b8127f8"}}
